ef0d79b 2022-06-18 11:52:47 +0530 Update .gitignore
9bb3478 2021-09-30 00:02:57 +0530 Angular: Improvements to many views (Login, Register, Game Editor) Angular: Improved look of Login and Register views Angular: Route to dashboard from Login/Register if already logged in
61b8709 2021-09-29 23:24:20 +0530 Angular: Added Favicons
26329c5 2021-09-29 03:47:40 +0530 Angular: Improvements to game reports
4f2afd5 2021-09-28 23:59:24 +0530 Angular: Added usage report component
2e383b4 2021-09-26 04:26:37 +0530 Angular: Added navigation to available report components
25a53d3 2021-09-26 04:21:08 +0530 Angular: Finalized UI for available reports
4c095ab 2021-09-26 04:01:26 +0530 Angular: Finalized Available Report Card design
e9d0f96 2021-09-26 03:39:24 +0530 Angular: Added Available Report Card and icons
fc5bf58 2021-09-26 03:31:11 +0530 Angular: More changes to Available Reports view
ece7ed3 2021-09-26 02:41:51 +0530 Angular: added available reports view Angular: Fixed some fade animations in Reports view Angular: Session table pass actual session instead of table row
51e85d3 2021-09-26 02:22:32 +0530 Angular: Changes to Sessions view
3ef47bf 2021-09-26 00:59:03 +0530 Angular: Show session count in Teacher Dashboard Groups View Angular: Style changes in session table
568f359 2021-09-26 00:57:25 +0530 Node: Added support for session count in groups dashboard
dd80a07 2021-09-26 00:37:24 +0530 Angular: Handle "no data" scenario in Session Table
4eacc09 2021-09-26 00:32:03 +0530 Angular: Session view changes
26f4c5b 2021-09-26 00:00:02 +0530 Angular: add sessions component
8a4faa5 2021-09-25 23:55:49 +0530 Angular: 0 pad session table adapter titles
be662a6 2021-09-23 02:54:13 +0530 Fix Angular Base URL
d6e45d0 2021-09-23 02:53:14 +0530 Angular: Fix bugs in session table
12c9608 2021-09-22 23:58:16 +0530 Set correct base url
64623ec 2021-09-21 01:34:31 +0530 Angular: Finished sesion table
bd72880 2021-09-21 01:30:34 +0530 Angular: Finished session table UI
bd4bc5a 2021-09-21 01:23:35 +0530 Angular: More styling to session table
3b00c40 2021-09-21 00:38:18 +0530 Angular: Removed fade in effect
27f5f9a 2021-09-21 00:37:08 +0530 Angular: Usable session table
f8761b3 2021-09-21 00:20:04 +0530 Angular: Basic implementation of session table
d67caa9 2021-09-20 23:43:06 +0530 Angular: Added get sessions services Angular: Refactoring and developing Session Table Component
0887a0b 2021-09-20 23:42:40 +0530 Angular: Added Session models
cdab96f 2021-09-20 23:42:06 +0530 Angular: added session table action icons
c2f6149 2021-09-20 22:51:31 +0530 Node: added get sessions by group API
b3ca516 2021-09-18 02:44:29 +0530 Angular: Develop session status table
37b6950 2021-09-18 01:32:38 +0530 Angular: Reports removed session selector
e93813a 2021-09-18 00:55:19 +0530 Changes to Sessions Scehma to record associated Group ID Node: changes to session creation flows Angular: Minor changes to reports
3612e4e 2021-09-18 00:09:52 +0530 Angular: Refine reports view
720f44a 2021-09-15 22:47:46 +0530 Better dashboard redirection. Added dashboard/f/:path patterns to routing
5619eb3 2021-09-15 21:42:33 +0530 Angular: More improvements to groups component
c05b261 2021-09-15 21:31:52 +0530 Angular: Groups view UI improvements
3f81708 2021-09-15 09:02:24 +0530 Angular: added missing files
71cc75f 2021-09-14 23:33:12 +0530 Angular: Added Group Reports component
15e43e3 2021-09-13 03:49:29 +0530 Removed debug code
04643f3 2021-09-13 03:49:02 +0530 Finalized chat feature in Splay
71c14b7 2021-09-13 03:06:50 +0530 Working chats inside splay
42133f5 2021-09-13 02:52:16 +0530 Resolve promise based concurrency issues for chats
5c9c9f7 2021-09-13 02:24:09 +0530 Angular: Minor changes to splay pane;s Node: Partially working Socket IO message insert methods
bfe835c 2021-09-13 01:31:24 +0530 Angular: Splay send chat btn styles
bc23f30 2021-09-13 01:28:38 +0530 Finished chats view, pending functionality Fixed issues in socket connections for SPlay
46bdcad 2021-09-12 23:47:54 +0530 First contact for chats from angular to node
8a3ef09 2021-09-12 23:31:46 +0530 Get game and level names in Splay
ced8ad7 2021-09-12 23:05:31 +0530 Initial implementation of chat logic with session rooms and DAO
8d269a7 2021-09-12 21:13:19 +0530 Refactoring Socket IO connection code in Node
395ae58 2021-09-12 21:00:21 +0530 Added Chat common model
6a12696 2021-09-12 20:53:38 +0530 Angular: minor changes to side panel style in SPlay
afabda8 2021-09-12 20:45:06 +0530 Angular: Added side panel to Splay window
6e9b7a8 2021-09-12 20:15:52 +0530 Fixed Critical bug in Create Test Session DAO
600a226 2021-09-12 19:55:09 +0530 Added delete group feature
fd25d8f 2021-09-12 19:47:41 +0530 Node: Added delete group operation
f557942 2021-09-12 19:28:01 +0530 Angular: EdgeProxy not available on route out fixes
08e8141 2021-09-12 19:25:46 +0530 Angular: Check splay login status
06a16e7 2021-09-12 19:08:19 +0530 Added final tables for metrics tracking Angular: Added auth & usage tracking to single player component Node: Added /usage namespace socket to track usage metrics
e91aed7 2021-09-12 16:06:42 +0530 Node: installed socketio server Angular: Minor changes to API Service Angular: Added socket io client
9183b4f 2021-09-12 04:29:03 +0530 Angular: Auto Join Group after Registration complete
0a3bb16 2021-09-12 04:16:04 +0530 Angular: Login and auto add to group path complete
357d15b 2021-09-12 03:47:37 +0530 Angular: Best case scenario for joining group
39f92bc 2021-09-12 03:15:15 +0530 Angular: Initial views for join group
8227f2e 2021-09-12 02:53:29 +0530 Node: Handle crypt errors
53a4e35 2021-09-12 02:24:44 +0530 Get Group ID anonymously and show in get-groups/anonymous
401861a 2021-09-12 02:23:33 +0530 Changes to authorization middleware
b8ab6cd 2021-09-12 01:52:04 +0530 Fix issues with get group api Angular: Copy invitation link in groups overview
f01a9d8 2021-09-12 01:22:56 +0530 Generate, Store and Display Cryptographic invite Link
1db7e6c 2021-09-12 01:08:21 +0530 Send Invite Key to frontend
f04d1a3 2021-09-12 00:46:20 +0530 Rename get-groups endpoint to "get-groups-for-user"
a709d02 2021-09-12 00:40:27 +0530 User can now leave from group
cead65b 2021-09-11 22:22:53 +0530 Node: Added Crypto capabilities
bb13d05 2021-09-11 19:51:14 +0530 Angluar: Finished UI for Groups Overview UIc
0c08535 2021-09-11 18:37:02 +0530 Groups Overview view improvements Added groups composition endpoint (with improvements)
427dffd 2021-09-11 17:57:07 +0530 Angular: Minor changes to user role view
28fc9a6 2021-09-11 17:53:48 +0530 Angular: Groups Overview completed
d823f3c 2021-09-11 14:33:46 +0530 Handle Group Membership errors
de2214a 2021-09-11 14:27:34 +0530 Get Groups API and APi service changes in Angular
fe26d7a 2021-09-11 13:47:35 +0530 Angular: Added Group Overview view Angular: Navigate to group page on create
e779186 2021-09-11 13:34:25 +0530 Angular: Added group overview component Angular: Validation in create group component
193f486 2021-09-11 13:33:51 +0530 Node: Fix [string] to string[] in some API calls Node: Minor changes to create group API
51ee8e4 2021-09-11 12:29:32 +0530 Angular: Create URL in utils Angular: Improved invite link in Groups dashboard
55ce444 2021-09-11 02:53:23 +0530 Angular: Added Groups View Sidebar icons Angular: Setup Constant Sidebar for groups
6741204 2021-09-11 02:24:43 +0530 Angular: Create groups create component
660e970 2021-09-11 02:12:08 +0530 Angular: Groups Dashboard minor changes
147c651 2021-09-11 01:34:17 +0530 Angular: fix groups view icon
92cb942 2021-09-11 01:31:29 +0530 Node: API endpoints and DAO methods to retrieve groups
b215791 2021-09-11 01:30:46 +0530 Groups: View now displays
ba51bc7 2021-09-11 00:16:54 +0530 Misc changes
303e86d 2021-09-11 00:16:33 +0530 Angular: Local search for games
0d3d335 2021-09-10 19:26:54 +0530 Node: On Each Frame updates are working :D
7d24009 2021-09-10 19:09:55 +0530 Node: Improve game scaling Node: Load pre-game scripts
2a62551 2021-09-10 18:50:39 +0530 Node: Game library minor changes
e8068f7 2021-09-10 18:35:17 +0530 Changes to game canvas scaling
b27cee1 2021-09-10 18:17:34 +0530 Node: Scale images in game lib
188acd2 2021-09-10 17:32:43 +0530 Node: Getting an image on screen via the template procedure
4b86ad5 2021-09-10 16:27:31 +0530 Angular: added NGOnDestroy
9e82ef2 2021-09-10 15:39:02 +0530 Node: Understood that _id can sometimes be an object, instead of string Node: Improvements to handle objects in resource loading
bbc6c53 2021-09-10 14:45:56 +0530 Resolve inconveniences in imports into game js Angular: resolve canvas not destoryed on back
f50449b 2021-09-10 13:03:23 +0530 Node: Oh my god it actually works! Node: Game Compiler method is somewhat effective Node: Game Compiler generators
5012d48 2021-09-10 11:32:29 +0530 Proof of concept for Game Compiling done
78fca43 2021-09-10 10:37:53 +0530 Node: Movign to the compile game approach
cd834d2 2021-09-10 01:14:49 +0530 Merge branch 'main' of github.com:Thisura98/gbelp_edge
7e587d5 2021-09-10 01:14:20 +0530 Angular: go back from Splay
a9d0b0a 2021-09-10 01:07:59 +0530 Angular: Integrated phaser
9e1a3a7 2021-09-10 00:54:58 +0530 Angular: More UI enhancements to SPlay view
f940953 2021-09-10 00:45:47 +0530 Angular: Added control buttons
5528774 2021-09-10 00:08:29 +0530 Angular: SPlay UI
d46e97c 2021-09-09 23:49:15 +0530 Angular: Developing splay component
e704179 2021-09-09 23:48:44 +0530 Angular: Added Splay assets
ab0f47d 2021-09-09 18:17:11 +0530 Update README.md
5fd7176 2021-09-09 18:16:28 +0530 Update README.md
459de57 2021-09-08 03:17:36 +0530 Angular: Test sesion and group for testing game Angular: i Angular: Improved route for splay component
fc24d5d 2021-09-08 02:11:16 +0530 Database Schema update
1307e59 2021-09-08 02:10:16 +0530 Node: Fix Create Group, Session and Play End points
6aef6ae 2021-09-07 09:15:05 +0530 Node: Added helpers to escape strings and null values in model commons Node: Added Groups DAO, Session DAO Node: Added Groups and Sessions Endpoints Node: New Promise based APIs
a59be7a 2021-09-07 09:12:59 +0530 DB: Unique Column Index for User Group Membership DB: Minor changes
74727e3 2021-09-07 09:12:24 +0530 Added Postman Collection!
13daa0c 2021-09-07 02:23:41 +0530 Node: Added useOrResolve and useIfTrueOrResolve helpers Node: Developing create test session and generic session DAO Commons: Added Session model
2024353 2021-09-07 00:52:50 +0530 Model changes for accomodating Groups, Sessions and their users
9f42aa8 2021-09-06 23:01:58 +0530 Angular: Added SPlay Component
795bcb2 2021-09-06 22:55:33 +0530 Angular: Load the game lib dynamically from the server
2134251 2021-09-06 22:55:05 +0530 Node: Added endpoint to locate and serve game lib
005649f 2021-09-06 21:14:03 +0530 Approach to building player and executing game scripts
13b16e6 2021-09-06 21:09:05 +0530 File system issues
d3fcc72 2021-09-06 02:43:12 +0530 Angular: Fixed Docs. Tired
d3ceeca 2021-09-06 02:38:57 +0530 Angular: documentation view
4d6cf70 2021-09-06 00:05:35 +0530 Added debug script
eff7d4a 2021-09-06 00:01:26 +0530 Add DB Gitignore
54a832a 2021-09-05 22:18:44 +0530 Node: Updated README with Debuggin instructions
442d2c7 2021-09-05 21:03:32 +0530 Angular: Show Snackbar instead of Dialog on resource upload completion
fe1d457 2021-09-05 20:55:09 +0530 Node: Fix critical bugs in objectives and trackers queries
46af2d6 2021-09-05 20:49:57 +0530 Angular: Delete actions for dynamic table
69fce57 2021-09-05 20:49:42 +0530 Node: Remove a debug mssage
e433911 2021-09-05 20:24:37 +0530 Finished Objectves & Guidance insert view
513e225 2021-09-05 19:53:44 +0530 Minor bugs in update logic
5b47da0 2021-09-05 19:51:00 +0530 Saving Trackers and Objects. UI and functionality
510d7e4 2021-09-05 16:33:00 +0530 Angular: Removed Objective Histories @DEMO component
fe7343d 2021-09-05 16:31:57 +0530 Node: Added Get Objectives & Guidance Trk. endpoints
e296641 2021-09-05 16:31:26 +0530 Angular: Better Dynamic Basic Table Configuration Binding
f6a36a5 2021-09-05 16:10:37 +0530 Common Interface for Saving Game Details
e8aef61 2021-09-05 16:10:09 +0530 Angular: Dynamic Basic UI improvements
b8a8149 2021-09-05 14:20:07 +0530 Added better error handling
73a74a2 2021-09-05 13:55:01 +0530 Fixed bug in DB backup
96f049b 2021-09-05 13:54:45 +0530 Common Models for Objectives and Trackers
43263ae 2021-09-05 13:54:11 +0530 Noded: MySQL DAO methods for Metrics CRUD
6954820 2021-09-05 13:53:45 +0530 Angular: Improved Objects & Trackers table components Angular: Removed some unnecessary error handling code
7d87b47 2021-09-05 10:31:54 +0530 Modifying objectives and tracker tables
2a4037d 2021-09-05 10:31:37 +0530 Rename edit-game endpoint to save-game
8210aed 2021-09-05 10:30:40 +0530 DB: New DB Data & Strcture Backup
93a4205 2021-09-05 10:05:23 +0530 Angular: Save game before switching tabs in Game Editor
b0c3180 2021-09-05 03:04:12 +0530 Angular: Added Monaco Editor Angular: Added support to store code information Angular: Base64 encode and decode code
ddc8ec4 2021-09-05 00:23:23 +0530 Angular: Made Level selector permanent in Editor
c507ab8 2021-09-05 00:23:06 +0530 Node: Restructured API Handlers into separate files
6505656 2021-09-04 18:59:51 +0530 Added LevelScript object
b0d74c6 2021-09-04 17:49:04 +0530 Angular: Added Editor Tabs
1e590d0 2021-09-04 03:30:34 +0530 Angular: Route hierarchy clicks
c2c6b0c 2021-09-04 03:10:22 +0530 Angular: Resolve DI issues for EditorDataServices Angular: Share data properly between Editor > Scene views
edb11cb 2021-09-03 02:15:04 +0530 Angular: Completed Levels menu Node: Added get object id API
1b0f671 2021-09-03 01:25:45 +0530 Angular: Remove editing critical aspects of locked levels
89fbe65 2021-09-02 03:58:48 +0530 Angular: Selection across Canvas and Hierarchy list
9d6e1e4 2021-09-02 03:41:23 +0530 Angular: Changed selection methods
45d149a 2021-09-02 03:22:17 +0530 Angular: Track Canvas Movement
d24baf1 2021-09-02 03:00:31 +0530 Basic canvas fetures using FabricJS
2074aa8 2021-09-02 01:29:41 +0530 Added Fabric JS
e3c4a1f 2021-09-01 23:38:46 +0530 We can move stuff!
54d1d2e 2021-09-01 22:18:20 +0530 Angular: Deleted Scene Map Module Angular: Moved Scene Map Component into main module Angular: Mouse moving things with Zones
afbff57 2021-09-01 04:50:50 +0530 Removed Phaser from Angular project
f993134 2021-09-01 04:48:48 +0530 Angular: Added Phaser as Angular Dependency Angular: Wasted 2 hours on Phaser. Do not use with Angular. Node: Changes to file handler logic
050481e 2021-09-01 02:30:14 +0530 Angular: Add Separate Scene Map Module
e72227f 2021-09-01 02:12:22 +0530 Angular: Double tap to add item
9572bb2 2021-09-01 01:21:00 +0530 Angular: Added Library Selector View
5497a15 2021-09-01 00:40:59 +0530 Angular: Fixed styles
8b7493d 2021-08-31 00:57:00 +0530 Angular: Code cleanup
298da0c 2021-08-31 00:55:45 +0530 Angular: Fixed editor navigation
e1312c0 2021-08-30 23:57:03 +0530 Added level selector
b95ecec 2021-08-29 15:15:08 +0530 Added Angular Data Sharing for Editor and Editor subviews
2cc3afb 2021-08-29 13:17:23 +0530 View refinement using FlexBox Grow Added sub views for Animation, Logic and Scene
71b0fa0 2021-08-28 22:52:59 +0530 Added Editor Component Base UI
d298ee3 2021-08-28 22:44:48 +0530 Added Game Editor Component
81f30ea 2021-08-28 22:40:10 +0530 Added LevelScene object
52a152b 2021-08-27 03:42:50 +0530 Added save level settings functionality
fb5bccd 2021-08-27 02:40:50 +0530 Angular: Frontend event handling for Level Setting changes
2e9cf62 2021-08-02 02:59:19 +0530 Completed Levels UI
5beac4d 2021-08-01 16:59:30 +0530 Fixed Object ID Insertion errors Added Angular lock icon to levels
b341464 2021-08-01 14:47:20 +0530 Added level selection
2526c96 2021-08-01 14:24:58 +0530 Unifying models into commons.ts
b717125 2021-08-01 12:46:44 +0530 Added angular file change
1882064 2021-08-01 12:46:21 +0530 Transition successful!
8442178 2021-08-01 11:51:42 +0530 Removed typegoose and ongoose as they are unnecessary complications for a Schema-less database
1c18d15 2021-08-01 11:50:07 +0530 Refactoring levels and added typegoose
ff6637c 2021-08-01 11:49:10 +0530 Renamed thinking file
57fa564 2021-08-01 11:48:44 +0530 Renamed workspace files and added open script
28bccdc 2021-07-30 04:20:27 +0530 Adding more interfaces
312b323 2021-07-29 23:05:24 +0530 Added missing files
da65e5b 2021-07-26 02:06:57 +0530 Added VSCode Workspaces Added common models Reading from Levels array
4f6863a 2021-07-26 01:36:00 +0530 Added commons folder building levels view and concept
041f9af 2021-07-25 00:40:37 +0530 Added thinking folder
347f9aa 2021-07-24 20:39:38 +0530 Delete game improved
8ad6e57 2021-07-24 02:35:08 +0530 Minor changes
4cf62ff 2021-07-24 02:28:06 +0530 Fixed Mongoose ts issues Completed resource view
6491c6b 2021-07-23 19:42:28 +0530 More ts side developments
7b363b7 2021-07-22 04:22:58 +0530 Resource view uploading and refreshing done. Delete rename pending
cf85302 2021-07-22 03:48:11 +0530 Angular: Resources interface
d9b4488 2021-07-22 01:20:09 +0530 Minor refactoring
6450674 2021-07-21 02:55:24 +0530 Node: Almost complete with Typescript migration
463137f 2021-07-20 21:30:33 +0530 Node: TS migration
fc0a6dc 2021-07-20 20:51:07 +0530 Node: TS migration
af59af1 2021-07-20 20:46:52 +0530 Node: Nodemon temporarily watches .js files until migration is complete
fc5002d 2021-07-20 20:46:36 +0530 Node: Migrated logger as a test. Things are working fine
78ae6e9 2021-07-20 20:41:01 +0530 Node: Changed startup script
8b1898f 2021-07-20 20:39:52 +0530 Node: initial migration to TS Node: Migrate Express to TS
16b0808 2021-07-20 02:38:53 +0530 Resource uploading works with mongoose project updating
48e4d8f 2021-07-19 00:23:03 +0530 Can delete games now
0993c64 2021-07-18 13:11:31 +0530 Resolved issues with BSON properties in SQL INSERT query. Project file is now created before Game Entry is inserted
9aff8b9 2021-07-18 10:37:56 +0530 Node: Added jsconfig but its not working
750f377 2021-07-18 10:29:55 +0530 Node: Added missing package json file
d63d850 2021-07-18 10:29:10 +0530 Node: Developing Mongo Schemas
6579c2a 2021-07-18 10:28:58 +0530 Node: Added mongoose
92efb6b 2021-07-18 00:38:21 +0530 Added gitignore files for File System File upload works from Angular into Node Installed Multer
c934932 2021-07-17 03:30:15 +0530 More navigation functions
78e459b 2021-07-17 03:22:23 +0530 Node JS minor cleanup
2bc87de 2021-07-17 03:22:07 +0530 Added 404 Not found Added resources view
6589077 2021-07-16 08:55:58 +0530 Save game functionality added
137bf17 2021-07-16 07:59:49 +0530 Added token refreshing in home component
43ef31e 2021-07-15 09:37:41 +0530 Games row now displays
ce9a52e 2021-07-14 09:27:11 +0530 Edit and create game entries functional
2a11081 2021-07-14 02:20:16 +0530 Game Creation menu operational. Pending Game edit data loading from Game ID
dcc6a93 2021-07-14 00:06:35 +0530 Added edit controller Basic logic for create game
27cb377 2021-07-13 09:20:44 +0530 Added objectives table using Dynamic values
04ed23e 2021-07-13 08:19:42 +0530 Angular added more basic UI to games creator
fe3d206 2021-07-13 00:26:46 +0530 Added missing files
8ddc95e 2021-07-13 00:25:16 +0530 Added create game UI and modular sidebar
64b1d2b 2021-07-11 13:11:16 +0530 Teacher dashboard basic UI
b1f6d6a 2021-07-11 12:54:48 +0530 Added all groups frontend
089cc8d 2021-07-11 11:58:21 +0530 Added overview sections and dyn styles
60c3e48 2021-07-11 11:57:49 +0530 Added overview sections and dyn styles
658f9b1 2021-07-11 10:30:16 +0530 Added missing case to auth interceptor
32cb997 2021-07-11 03:23:27 +0530 Minor changes
b7d122c 2021-07-11 03:22:43 +0530 Angular: Added dashboard view selector menu
8a55d0c 2021-07-11 02:22:47 +0530 Added missing files
8b7ca11 2021-07-11 02:22:28 +0530 Local storage now saves user type. Added modern dashboard style
6b22624 2021-07-10 22:16:20 +0530 Angular: Modification in APIs
052ff85 2021-07-10 11:02:48 +0530 Angular: added new landing page Angular: added Angular Language Services
aa8ef0b 2021-07-10 08:35:41 +0530 Angular: Deving home page
a689708 2021-07-03 18:08:56 +0530 Node: Removed demo game
33aec2c 2021-07-03 00:48:37 +0530 Restructuring some minor views
c391682 2021-06-04 07:57:47 +0530 Added example (demo) game
744845d 2021-06-04 07:57:19 +0530 Everything is complete for the demo!
61359ca 2021-06-04 07:29:43 +0530 Before adding Apex charts
8861e24 2021-06-04 07:13:49 +0530 Safe point to demo
67917af 2021-06-04 06:47:05 +0530 Angular: Clear Status functionality
2a1081d 2021-06-04 06:44:06 +0530 Node & Angular ready for demo
8078362 2021-06-04 03:07:41 +0530 Node: Adding user types API
1ede644 2021-06-04 03:07:28 +0530 Added dashboard redirection, modified auth services
48a6599 2021-06-04 01:55:14 +0530 Node: Login API
936f7f1 2021-06-04 01:55:08 +0530 Angular: Completed login form and functionality
5f745e5 2021-06-04 01:00:50 +0530 Node: CORS middleware and users dao bug fixes
1d9354d 2021-06-04 01:00:28 +0530 Angular: Added dialog component and user / auth services
02c4af4 2021-06-03 22:42:17 +0530 User types can now be retireved via node API Had to add cors package to node
8ebb7ca 2021-06-03 22:25:18 +0530 Angular: Added debug proxy conf
b7d15a0 2021-06-02 03:22:13 +0530 SQL backups
f2392dd 2021-06-02 03:18:43 +0530 Node: Auth Middlewear Working Node: Removed SQL seed Node: Minor changes to user DAO
3715658 2021-06-02 02:04:47 +0530 Realizing migrate and seed scripts were a bad idea
491a1c2 2021-06-02 00:01:28 +0530 DB: Readme mod
ebeb5f6 2021-06-02 00:01:19 +0530 Angular: Username max length in Register form
697c98a 2021-06-02 00:00:04 +0530 Node: Faux Authorization header validation, mysql db init, connections
3c07086 2021-06-01 00:36:22 +0530 Completed Register Component UI and routing Added Angular API service!
9798b8a 2021-05-31 01:12:42 +0530 Angular: developing register component
add9e69 2021-05-30 03:20:14 +0530 Main README updates
ea6bfc1 2021-05-30 03:19:30 +0530 Main README updates
58d319c 2021-05-30 03:16:20 +0530 Added hostname for Mongo instance README updates
3363961 2021-05-30 03:09:48 +0530 Added persistence layer setup and Docker files
1ed1e63 2021-05-29 19:13:55 +0530 Complete app scaffolding missing mysql and mongodb
8855424 2021-05-29 18:52:04 +0530 Shell script to build Angular app into Node
f0671f0 2021-05-29 18:44:50 +0530 Basic app scaffolding with Angular, Node, Express, Socketio & Nodemon
0a0800c 2021-05-29 16:03:40 +0530 Basic project scaffolding. Test run pending
6ee18c2 2021-05-29 13:58:01 +0530 Initial commit
